Started by user [8mha:AAAAlh+LCAAAAAAAAP9b85aBtbiIQTGjNKU4P08vOT+vOD8nVc83PyU1x6OyILUoJzMv2y+/JJUBAhiZGBgqihhk0NSjKDWzXb3RdlLBUSYGJk8GtpzUvPSSDB8G5tKinBIGIZ+sxLJE/ZzEvHT94JKizLx0a6BxUmjGOUNodHsLgAzOEgYu/dLi1CL9vNKcHACFIKlWvwAAAA==[0manonymous
[EnvInject] - Loading node environment variables.
Building in workspace /var/lib/jenkins/workspace/UI-HTML-1

Deleting project workspace... done

[UI-HTML-1] $ /bin/sh -xe /tmp/hudson2030178337265888238.sh
+ git clone https://github.com/aliceh/se34euca
Cloning into 'se34euca'...
+ export PATH=/usr/local/sbin:/usr/local/bin:/usr/bin:/usr/sbin:/sbin:/bin:/usr/lib/firefox/firefox
+ export DISPLAY=:1
+ java -jar /var/lib/jenkins/selenium-server-standalone-2.39.0.jar -userExtensions /var/lib/jenkins/user-extensions.js -htmlSuite *firefox3 /usr/lib/firefox/firefox http://10.111.5.8:8888 /var/lib/jenkins/workspace/UI-HTML-1/se34euca/selenium_ide/Jenkins_3.4.2/UI-manual-tests_1.html report1.html -trustAllSSLCertificates -debug
Jan 23, 2014 5:16:58 PM org.openqa.grid.selenium.GridLauncher main
INFO: Launching a standalone server
17:16:59.451 INFO - Java: Sun Microsystems Inc. 20.0-b12
17:16:59.452 INFO - OS: Linux 3.2.0-37-generic-pae i386
17:16:59.458 INFO - v2.39.0, with Core v2.39.0. Built from revision ff23eac
17:16:59.458 INFO - Selenium server running in debug mode.
17:16:59.466 DEBUG - add component: SocketListener0@0.0.0.0:4444
17:16:59.478 DEBUG - add component: org.openqa.jetty.http.ResourceCache@1404536
17:16:59.480 DEBUG - add component: org.openqa.selenium.server.ProxyHandler in HttpContext[/,/]
17:16:59.481 DEBUG - add component: HttpContext[/,/]
17:16:59.482 DEBUG - Added HttpContext[/,/] for host *
17:16:59.482 DEBUG - add component: org.openqa.jetty.http.ResourceCache@fa9cf
17:16:59.483 DEBUG - added SC{BASIC,null,user,CONFIDENTIAL} at /org/openqa/selenium/tests/html/basicAuth/*
17:16:59.487 DEBUG - add component: org.openqa.jetty.http.handler.SecurityHandler in HttpContext[/selenium-server,/selenium-server]
17:16:59.489 DEBUG - add component: org.openqa.selenium.server.StaticContentHandler in HttpContext[/selenium-server,/selenium-server]
17:16:59.489 DEBUG - add component: org.openqa.selenium.server.SessionExtensionJsHandler in HttpContext[/selenium-server,/selenium-server]
17:16:59.490 DEBUG - add component: org.openqa.selenium.server.htmlrunner.SingleTestSuiteResourceHandler in HttpContext[/selenium-server,/selenium-server]
17:16:59.491 DEBUG - add component: org.openqa.selenium.server.htmlrunner.SeleniumHTMLRunnerResultsHandler@7b7072
17:16:59.491 DEBUG - add component: HttpContext[/selenium-server,/selenium-server]
17:16:59.493 DEBUG - Added HttpContext[/selenium-server,/selenium-server] for host *
17:16:59.504 INFO - Default driver org.openqa.selenium.iphone.IPhoneDriver registration is skipped: registration capabilities Capabilities [{platform=MAC, browserName=iPad, version=}] does not match with current platform: LINUX
17:16:59.504 INFO - Default driver org.openqa.selenium.iphone.IPhoneDriver registration is skipped: registration capabilities Capabilities [{platform=MAC, browserName=iPhone, version=}] does not match with current platform: LINUX
17:16:59.504 INFO - Default driver org.openqa.selenium.ie.InternetExplorerDriver registration is skipped: registration capabilities Capabilities [{platform=WINDOWS, ensureCleanSession=true, browserName=internet explorer, version=}] does not match with current platform: LINUX
17:16:59.531 DEBUG - add component: org.openqa.jetty.http.ResourceCache@cf2c80
17:16:59.540 DEBUG - add component: org.openqa.selenium.server.SeleniumDriverResourceHandler in HttpContext[/selenium-server,/selenium-server]
17:16:59.540 DEBUG - add component: HttpContext[/selenium-server/driver,/selenium-server/driver]
17:16:59.540 DEBUG - Added HttpContext[/selenium-server/driver,/selenium-server/driver] for host *
17:16:59.540 DEBUG - add component: org.openqa.jetty.http.ResourceCache@13c5982
17:16:59.551 DEBUG - add component: WebDriver remote server
17:16:59.554 DEBUG - add component: org.openqa.jetty.jetty.servlet.HashSessionManager@117a8bd
17:16:59.554 DEBUG - add component: org.openqa.jetty.jetty.servlet.ServletHandler@471e30
17:16:59.555 INFO - RemoteWebDriver instances should connect to: http://127.0.0.1:4444/wd/hub
17:16:59.555 DEBUG - add component: HttpContext[/wd,/wd]
17:16:59.555 DEBUG - Added HttpContext[/wd,/wd] for host *
17:16:59.555 DEBUG - Starting org.openqa.jetty.jetty.Server@133f1d7
17:16:59.556 INFO - Version Jetty/5.1.x
17:16:59.556 DEBUG - LISTENERS: [SocketListener0@0.0.0.0:4444]
17:16:59.556 DEBUG - HANDLER: {null={/selenium-server/driver/*=[HttpContext[/selenium-server/driver,/selenium-server/driver]], /selenium-server/*=[HttpContext[/selenium-server,/selenium-server]], /=[HttpContext[/,/]], /wd/*=[HttpContext[/wd,/wd]]}}
17:16:59.556 DEBUG - Starting HttpContext[/selenium-server/driver,/selenium-server/driver]
17:16:59.556 DEBUG - Init classloader from null, sun.misc.Launcher$AppClassLoader@3e25a5 for HttpContext[/selenium-server/driver,/selenium-server/driver]
17:16:59.556 INFO - Started HttpContext[/selenium-server/driver,/selenium-server/driver]
17:16:59.557 DEBUG - Starting HttpContext[/selenium-server,/selenium-server]
17:16:59.557 DEBUG - Init classloader from null, sun.misc.Launcher$AppClassLoader@3e25a5 for HttpContext[/selenium-server,/selenium-server]
17:16:59.559 DEBUG - Started org.openqa.jetty.http.handler.SecurityHandler in HttpContext[/selenium-server,/selenium-server]
17:16:59.559 DEBUG - Started org.openqa.selenium.server.StaticContentHandler in HttpContext[/selenium-server,/selenium-server]
17:16:59.559 DEBUG - Started org.openqa.selenium.server.SessionExtensionJsHandler in HttpContext[/selenium-server,/selenium-server]
17:16:59.559 DEBUG - Started org.openqa.selenium.server.htmlrunner.SingleTestSuiteResourceHandler in HttpContext[/selenium-server,/selenium-server]
17:16:59.560 DEBUG - Started org.openqa.selenium.server.SeleniumDriverResourceHandler in HttpContext[/selenium-server,/selenium-server]
17:16:59.560 INFO - Started HttpContext[/selenium-server,/selenium-server]
17:16:59.560 DEBUG - Starting HttpContext[/,/]
17:16:59.560 DEBUG - Init classloader from null, sun.misc.Launcher$AppClassLoader@3e25a5 for HttpContext[/,/]
17:16:59.560 DEBUG - Started org.openqa.selenium.server.ProxyHandler in HttpContext[/,/]
17:16:59.560 INFO - Started HttpContext[/,/]
17:16:59.560 DEBUG - Starting HttpContext[/wd,/wd]
17:16:59.560 DEBUG - Init classloader from null, sun.misc.Launcher$AppClassLoader@3e25a5 for HttpContext[/wd,/wd]
17:16:59.560 DEBUG - Starting org.openqa.jetty.jetty.servlet.ServletHandler@471e30
17:16:59.561 DEBUG - New random session seed
17:16:59.912 DEBUG - Started holder of class org.openqa.selenium.remote.server.DriverServlet
17:16:59.913 INFO - Started org.openqa.jetty.jetty.servlet.ServletHandler@471e30
17:16:59.913 INFO - Started HttpContext[/wd,/wd]
17:16:59.914 DEBUG - Session scavenger period = 30s
17:16:59.915 INFO - Started SocketListener on 0.0.0.0:4444
17:16:59.915 INFO - Started org.openqa.jetty.jetty.Server@133f1d7
17:16:59.923 DEBUG - Requested browser string '*firefox3 /usr/lib/firefox/firefox' matches *firefox3 
17:16:59.925 DEBUG - Checking whether Firefox 3 launcher at :'/usr/lib/firefox/firefox' is valid...
17:16:59.927 DEBUG - Discovered valid Firefox 3 launcher  : '/usr/lib/firefox/firefox'
jar:file:/var/lib/jenkins/selenium-server-standalone-2.39.0.jar!/customProfileDirCUSTFFCHROME
17:16:59.931 DEBUG - Extracting /customProfileDirCUSTFFCHROME to /tmp/customProfileDir219918
17:16:59.979 INFO - Preparing Firefox profile...
HTML suite exception seen:
java.lang.RuntimeException: Timed out waiting for profile to be created!
	at org.openqa.selenium.server.browserlaunchers.FirefoxChromeLauncher.waitForFullProfileToBeCreated(FirefoxChromeLauncher.java:307)
	at org.openqa.selenium.server.browserlaunchers.FirefoxChromeLauncher.populateCustomProfileDirectory(FirefoxChromeLauncher.java:119)
	at org.openqa.selenium.server.browserlaunchers.FirefoxChromeLauncher.launch(FirefoxChromeLauncher.java:89)
	at org.openqa.selenium.server.browserlaunchers.FirefoxChromeLauncher.launchHTMLSuite(FirefoxChromeLauncher.java:339)
	at org.openqa.selenium.server.htmlrunner.HTMLLauncher.runHTMLSuite(HTMLLauncher.java:146)
	at org.openqa.selenium.server.htmlrunner.HTMLLauncher.runHTMLSuite(HTMLLauncher.java:198)
	at org.openqa.selenium.server.SeleniumServer.runHtmlSuite(SeleniumServer.java:640)
	at org.openqa.selenium.server.SeleniumServer.boot(SeleniumServer.java:305)
	at org.openqa.selenium.server.SeleniumServer.main(SeleniumServer.java:245)
	at org.openqa.grid.selenium.GridLauncher.main(GridLauncher.java:96)
Build step 'Execute shell' marked build as failure
Archiving artifacts
Finished: FAILURE
