Started by user [8mha:AAAAlh+LCAAAAAAAAP9b85aBtbiIQTGjNKU4P08vOT+vOD8nVc83PyU1x6OyILUoJzMv2y+/JJUBAhiZGBgqihhk0NSjKDWzXb3RdlLBUSYGJk8GtpzUvPSSDB8G5tKinBIGIZ+sxLJE/ZzEvHT94JKizLx0a6BxUmjGOUNodHsLgAzOEgYu/dLi1CL9vNKcHACFIKlWvwAAAA==[0manonymous
[EnvInject] - Loading node environment variables.
Building in workspace /var/lib/jenkins/workspace/Selenium

Deleting project workspace... done

[Selenium] $ /bin/sh -xe /tmp/hudson5414053559416188353.sh
+ java -jar /var/lib/jenkins/selenium-server-standalone-2.39.0.jar -userExtensions /var/lib/jenkins/user-extensions.js -htmlSuite *firefox https://10.111.5.8:8888 /root/se34euca/selenium_ide/Jenkins_3.4.2/UI-manual-tests_1.html report1.html -trustAllSSLCertificates -debug
Jan 23, 2014 8:11:43 PM org.openqa.grid.selenium.GridLauncher main
INFO: Launching a standalone server
20:11:44.676 INFO - Java: Sun Microsystems Inc. 20.0-b12
20:11:44.678 INFO - OS: Linux 3.2.0-37-generic-pae i386
20:11:44.687 INFO - v2.39.0, with Core v2.39.0. Built from revision ff23eac
20:11:44.692 INFO - Selenium server running in debug mode.
20:11:44.705 DEBUG - add component: SocketListener0@0.0.0.0:4444
20:11:44.713 DEBUG - add component: org.openqa.jetty.http.ResourceCache@1404536
20:11:44.715 DEBUG - add component: org.openqa.selenium.server.ProxyHandler in HttpContext[/,/]
20:11:44.716 DEBUG - add component: HttpContext[/,/]
20:11:44.716 DEBUG - Added HttpContext[/,/] for host *
20:11:44.717 DEBUG - add component: org.openqa.jetty.http.ResourceCache@fa9cf
20:11:44.717 DEBUG - added SC{BASIC,null,user,CONFIDENTIAL} at /org/openqa/selenium/tests/html/basicAuth/*
20:11:44.722 DEBUG - add component: org.openqa.jetty.http.handler.SecurityHandler in HttpContext[/selenium-server,/selenium-server]
20:11:44.723 DEBUG - add component: org.openqa.selenium.server.StaticContentHandler in HttpContext[/selenium-server,/selenium-server]
20:11:44.724 DEBUG - add component: org.openqa.selenium.server.SessionExtensionJsHandler in HttpContext[/selenium-server,/selenium-server]
20:11:44.725 DEBUG - add component: org.openqa.selenium.server.htmlrunner.SingleTestSuiteResourceHandler in HttpContext[/selenium-server,/selenium-server]
20:11:44.726 DEBUG - add component: org.openqa.selenium.server.htmlrunner.SeleniumHTMLRunnerResultsHandler@7b7072
20:11:44.726 DEBUG - add component: HttpContext[/selenium-server,/selenium-server]
20:11:44.728 DEBUG - Added HttpContext[/selenium-server,/selenium-server] for host *
20:11:44.740 INFO - Default driver org.openqa.selenium.iphone.IPhoneDriver registration is skipped: registration capabilities Capabilities [{platform=MAC, browserName=iPad, version=}] does not match with current platform: LINUX
20:11:44.741 INFO - Default driver org.openqa.selenium.iphone.IPhoneDriver registration is skipped: registration capabilities Capabilities [{platform=MAC, browserName=iPhone, version=}] does not match with current platform: LINUX
20:11:44.741 INFO - Default driver org.openqa.selenium.ie.InternetExplorerDriver registration is skipped: registration capabilities Capabilities [{platform=WINDOWS, ensureCleanSession=true, browserName=internet explorer, version=}] does not match with current platform: LINUX
20:11:44.764 DEBUG - add component: org.openqa.jetty.http.ResourceCache@cf2c80
20:11:44.775 DEBUG - add component: org.openqa.selenium.server.SeleniumDriverResourceHandler in HttpContext[/selenium-server,/selenium-server]
20:11:44.775 DEBUG - add component: HttpContext[/selenium-server/driver,/selenium-server/driver]
20:11:44.775 DEBUG - Added HttpContext[/selenium-server/driver,/selenium-server/driver] for host *
20:11:44.775 DEBUG - add component: org.openqa.jetty.http.ResourceCache@13c5982
20:11:44.783 DEBUG - add component: WebDriver remote server
20:11:44.786 DEBUG - add component: org.openqa.jetty.jetty.servlet.HashSessionManager@117a8bd
20:11:44.786 DEBUG - add component: org.openqa.jetty.jetty.servlet.ServletHandler@471e30
20:11:44.786 INFO - RemoteWebDriver instances should connect to: http://127.0.0.1:4444/wd/hub
20:11:44.786 DEBUG - add component: HttpContext[/wd,/wd]
20:11:44.786 DEBUG - Added HttpContext[/wd,/wd] for host *
20:11:44.787 DEBUG - Starting org.openqa.jetty.jetty.Server@133f1d7
20:11:44.787 INFO - Version Jetty/5.1.x
20:11:44.788 DEBUG - LISTENERS: [SocketListener0@0.0.0.0:4444]
20:11:44.788 DEBUG - HANDLER: {null={/selenium-server/driver/*=[HttpContext[/selenium-server/driver,/selenium-server/driver]], /selenium-server/*=[HttpContext[/selenium-server,/selenium-server]], /=[HttpContext[/,/]], /wd/*=[HttpContext[/wd,/wd]]}}
20:11:44.788 DEBUG - Starting HttpContext[/selenium-server/driver,/selenium-server/driver]
20:11:44.788 DEBUG - Init classloader from null, sun.misc.Launcher$AppClassLoader@3e25a5 for HttpContext[/selenium-server/driver,/selenium-server/driver]
20:11:44.788 INFO - Started HttpContext[/selenium-server/driver,/selenium-server/driver]
20:11:44.788 DEBUG - Starting HttpContext[/selenium-server,/selenium-server]
20:11:44.788 DEBUG - Init classloader from null, sun.misc.Launcher$AppClassLoader@3e25a5 for HttpContext[/selenium-server,/selenium-server]
20:11:44.791 DEBUG - Started org.openqa.jetty.http.handler.SecurityHandler in HttpContext[/selenium-server,/selenium-server]
20:11:44.791 DEBUG - Started org.openqa.selenium.server.StaticContentHandler in HttpContext[/selenium-server,/selenium-server]
20:11:44.791 DEBUG - Started org.openqa.selenium.server.SessionExtensionJsHandler in HttpContext[/selenium-server,/selenium-server]
20:11:44.791 DEBUG - Started org.openqa.selenium.server.htmlrunner.SingleTestSuiteResourceHandler in HttpContext[/selenium-server,/selenium-server]
20:11:44.791 DEBUG - Started org.openqa.selenium.server.SeleniumDriverResourceHandler in HttpContext[/selenium-server,/selenium-server]
20:11:44.791 INFO - Started HttpContext[/selenium-server,/selenium-server]
20:11:44.791 DEBUG - Starting HttpContext[/,/]
20:11:44.792 DEBUG - Init classloader from null, sun.misc.Launcher$AppClassLoader@3e25a5 for HttpContext[/,/]
20:11:44.792 DEBUG - Started org.openqa.selenium.server.ProxyHandler in HttpContext[/,/]
20:11:44.792 INFO - Started HttpContext[/,/]
20:11:44.792 DEBUG - Starting HttpContext[/wd,/wd]
20:11:44.792 DEBUG - Init classloader from null, sun.misc.Launcher$AppClassLoader@3e25a5 for HttpContext[/wd,/wd]
20:11:44.792 DEBUG - Starting org.openqa.jetty.jetty.servlet.ServletHandler@471e30
20:11:44.793 DEBUG - New random session seed
20:11:45.128 DEBUG - Started holder of class org.openqa.selenium.remote.server.DriverServlet
20:11:45.129 INFO - Started org.openqa.jetty.jetty.servlet.ServletHandler@471e30
20:11:45.129 INFO - Started HttpContext[/wd,/wd]
20:11:45.130 DEBUG - Session scavenger period = 30s
20:11:45.136 INFO - Started SocketListener on 0.0.0.0:4444
20:11:45.136 INFO - Started org.openqa.jetty.jetty.Server@133f1d7
20:11:45.142 DEBUG - Requested browser string '*firefox' matches *firefox 
20:11:45.149 DEBUG - Discovering Firefox 2...
20:11:45.157 DEBUG - Discovering Firefox 2...
20:11:45.158 DEBUG - Checking whether Firefox 2 launcher at :'/Applications/Minefield.app/Contents/MacOS/firefox-bin' is valid...
20:11:45.158 DEBUG - Checking whether Firefox 2 launcher at :'/Applications/Firefox-2.app/Contents/MacOS/firefox-bin' is valid...
20:11:45.158 DEBUG - Checking whether Firefox 2 launcher at :'/Applications/Firefox.app/Contents/MacOS/firefox-bin' is valid...
20:11:45.158 DEBUG - Checking whether Firefox 2 launcher at :'/usr/lib/firefox/firefox-bin' is valid...
20:11:45.178 DEBUG - Did not find Firefox 2, now discovering Firefox 3...
20:11:45.183 DEBUG - Discovering Firefox 3...
20:11:45.192 DEBUG - Checking whether Firefox 3 launcher at :'/usr/lib/firefox-addons/firefox-bin' is valid...
20:11:45.192 DEBUG - Checking whether Firefox 3 launcher at :'/usr/lib/firefox-addons/firefox' is valid...
20:11:45.192 DEBUG - Checking whether Firefox 3 launcher at :'/usr/bin/firefox' is valid...
20:11:45.200 WARN - Caution: '/usr/bin/firefox': file is a script file, not a real executable.  The browser environment is no longer fully under RC control
20:11:45.200 DEBUG - Discovered valid Firefox 3 launcher  : '/usr/bin/firefox'
jar:file:/var/lib/jenkins/selenium-server-standalone-2.39.0.jar!/customProfileDirCUSTFFCHROME
20:11:45.208 DEBUG - Extracting /customProfileDirCUSTFFCHROME to /tmp/customProfileDir705139
20:11:45.269 INFO - Preparing Firefox profile...
HTML suite exception seen:
java.lang.RuntimeException: Timed out waiting for profile to be created!
	at org.openqa.selenium.server.browserlaunchers.FirefoxChromeLauncher.waitForFullProfileToBeCreated(FirefoxChromeLauncher.java:307)
	at org.openqa.selenium.server.browserlaunchers.FirefoxChromeLauncher.populateCustomProfileDirectory(FirefoxChromeLauncher.java:119)
	at org.openqa.selenium.server.browserlaunchers.FirefoxChromeLauncher.launch(FirefoxChromeLauncher.java:89)
	at org.openqa.selenium.server.browserlaunchers.FirefoxChromeLauncher.launchHTMLSuite(FirefoxChromeLauncher.java:339)
	at org.openqa.selenium.server.browserlaunchers.FirefoxLauncher.launchHTMLSuite(FirefoxLauncher.java:110)
	at org.openqa.selenium.server.htmlrunner.HTMLLauncher.runHTMLSuite(HTMLLauncher.java:146)
	at org.openqa.selenium.server.htmlrunner.HTMLLauncher.runHTMLSuite(HTMLLauncher.java:198)
	at org.openqa.selenium.server.SeleniumServer.runHtmlSuite(SeleniumServer.java:640)
	at org.openqa.selenium.server.SeleniumServer.boot(SeleniumServer.java:305)
	at org.openqa.selenium.server.SeleniumServer.main(SeleniumServer.java:245)
	at org.openqa.grid.selenium.GridLauncher.main(GridLauncher.java:96)
Build step 'Execute shell' marked build as failure
Finished: FAILURE
